[debug] [2025-04-17T23:34:37.636Z] ----------------------------------------------------------------------
[debug] [2025-04-17T23:34:37.640Z] Command:       C:\Program Files\nodejs\node.exe C:\Users\marcl\AppData\Roaming\npm\node_modules\firebase-tools\lib\bin\firebase.js init
[debug] [2025-04-17T23:34:37.641Z] CLI Version:   13.32.0
[debug] [2025-04-17T23:34:37.641Z] Platform:      win32
[debug] [2025-04-17T23:34:37.642Z] Node Version:  v22.12.0
[debug] [2025-04-17T23:34:37.642Z] Time:          Thu Apr 17 2025 16:34:37 GMT-0700 (Pacific Daylight Time)
[debug] [2025-04-17T23:34:37.642Z] ----------------------------------------------------------------------
[debug] 
[debug] [2025-04-17T23:34:37.992Z] > command requires scopes: ["email","openid","https://www.googleapis.com/auth/cloudplatformprojects.readonly","https://www.googleapis.com/auth/firebase","https://www.googleapis.com/auth/cloud-platform"]
[debug] [2025-04-17T23:34:37.993Z] > authorizing via signed-in user (marclim142@gmail.com)
[info] 
     ######## #### ########  ######## ########     ###     ######  ########
     ##        ##  ##     ## ##       ##     ##  ##   ##  ##       ##
     ######    ##  ########  ######   ########  #########  ######  ######
     ##        ##  ##    ##  ##       ##     ## ##     ##       ## ##
     ##       #### ##     ## ######## ########  ##     ##  ######  ########

You're about to initialize a Firebase project in this directory:

  C:\Users\marcl\Downloads\HOF\HOF

Before we get started, keep in mind:

  * You are initializing within an existing Firebase project directory

